<?xml version="1.0" encoding="UTF-8"?>
<robot generator="Robot 4.1.1 (Python 3.9.7 on win32)" generated="20210930 23:27:16.263" rpa="false" schemaversion="2">
<suite id="s1" name="TesteExemploDeal" source="D:\Projetos\Robot Framework\automationRobotFrameworkDeal\Tests\TesteExemploDeal.robot">
<test id="s1-t1" name="Teste 001 - Validar pagina da Deal esta aberta">
<kw name="Abrir Navegador" library="Comum" type="SETUP">
<kw name="Open Browser" library="SeleniumLibrary">
<arg>about:blank</arg>
<arg>${BROWSER}</arg>
<doc>Opens a new browser instance to the optional ``url``.</doc>
<msg timestamp="20210930 23:27:16.937" level="INFO">Opening browser 'chrome' to base url 'about:blank'.</msg>
<status status="PASS" starttime="20210930 23:27:16.937" endtime="20210930 23:27:18.349"/>
</kw>
<kw name="Maximize Browser Window" library="SeleniumLibrary">
<doc>Maximizes current browser window.</doc>
<status status="PASS" starttime="20210930 23:27:18.350" endtime="20210930 23:27:18.478"/>
</kw>
<kw name="Go To" library="SeleniumLibrary">
<arg>https://www.deal.com.br/</arg>
<doc>Navigates the current browser window to the provided ``url``.</doc>
<msg timestamp="20210930 23:27:18.479" level="INFO">Opening url 'https://www.deal.com.br/'</msg>
<status status="PASS" starttime="20210930 23:27:18.479" endtime="20210930 23:27:24.459"/>
</kw>
<status status="PASS" starttime="20210930 23:27:16.936" endtime="20210930 23:27:24.459"/>
</kw>
<kw name="Dado" library="BDDpt-BR">
<arg>Usuário acessou a pagina pela url</arg>
<kw name="Run Keyword" library="BuiltIn">
<arg>@{keyword}</arg>
<doc>Executes the given keyword with the given arguments.</doc>
<kw name="Usuário acessou a pagina pela url" library="Resource">
<kw name="Verificar Página Deal Home" library="TelaHomeSiteDeal">
<kw name="Wait Until Page Contains Element" library="SeleniumLibrary">
<arg>${ICONE_DEAL_HOME}</arg>
<arg>timeout=${TIMEOUT}</arg>
<doc>Waits until the element ``locator`` appears on the current page.</doc>
<status status="PASS" starttime="20210930 23:27:24.461" endtime="20210930 23:27:24.477"/>
</kw>
<status status="PASS" starttime="20210930 23:27:24.461" endtime="20210930 23:27:24.477"/>
</kw>
<status status="PASS" starttime="20210930 23:27:24.460" endtime="20210930 23:27:24.477"/>
</kw>
<status status="PASS" starttime="20210930 23:27:24.460" endtime="20210930 23:27:24.477"/>
</kw>
<status status="PASS" starttime="20210930 23:27:24.460" endtime="20210930 23:27:24.478"/>
</kw>
<kw name="Fechar Navegador" library="Comum" type="TEARDOWN">
<kw name="Close All Browsers" library="SeleniumLibrary">
<doc>Closes all open browsers and resets the browser cache.</doc>
<status status="PASS" starttime="20210930 23:27:24.479" endtime="20210930 23:27:27.149"/>
</kw>
<status status="PASS" starttime="20210930 23:27:24.478" endtime="20210930 23:27:27.149"/>
</kw>
<doc>Deal - T001: Validar pagina da Deal esta aberta</doc>
<status status="PASS" starttime="20210930 23:27:16.935" endtime="20210930 23:27:27.150"/>
</test>
<test id="s1-t2" name="Teste 002 - Validar menus superiores da tela Home">
<kw name="Abrir Navegador" library="Comum" type="SETUP">
<kw name="Open Browser" library="SeleniumLibrary">
<arg>about:blank</arg>
<arg>${BROWSER}</arg>
<doc>Opens a new browser instance to the optional ``url``.</doc>
<msg timestamp="20210930 23:27:27.154" level="INFO">Opening browser 'chrome' to base url 'about:blank'.</msg>
<status status="PASS" starttime="20210930 23:27:27.153" endtime="20210930 23:27:28.496"/>
</kw>
<kw name="Maximize Browser Window" library="SeleniumLibrary">
<doc>Maximizes current browser window.</doc>
<status status="PASS" starttime="20210930 23:27:28.496" endtime="20210930 23:27:28.632"/>
</kw>
<kw name="Go To" library="SeleniumLibrary">
<arg>https://www.deal.com.br/</arg>
<doc>Navigates the current browser window to the provided ``url``.</doc>
<msg timestamp="20210930 23:27:28.632" level="INFO">Opening url 'https://www.deal.com.br/'</msg>
<status status="PASS" starttime="20210930 23:27:28.632" endtime="20210930 23:27:39.179"/>
</kw>
<status status="PASS" starttime="20210930 23:27:27.152" endtime="20210930 23:27:39.180"/>
</kw>
<kw name="Dado" library="BDDpt-BR">
<arg>Usuário acessou a pagina pela url</arg>
<kw name="Run Keyword" library="BuiltIn">
<arg>@{keyword}</arg>
<doc>Executes the given keyword with the given arguments.</doc>
<kw name="Usuário acessou a pagina pela url" library="Resource">
<kw name="Verificar Página Deal Home" library="TelaHomeSiteDeal">
<kw name="Wait Until Page Contains Element" library="SeleniumLibrary">
<arg>${ICONE_DEAL_HOME}</arg>
<arg>timeout=${TIMEOUT}</arg>
<doc>Waits until the element ``locator`` appears on the current page.</doc>
<status status="PASS" starttime="20210930 23:27:39.184" endtime="20210930 23:27:39.200"/>
</kw>
<status status="PASS" starttime="20210930 23:27:39.184" endtime="20210930 23:27:39.200"/>
</kw>
<status status="PASS" starttime="20210930 23:27:39.183" endtime="20210930 23:27:39.201"/>
</kw>
<status status="PASS" starttime="20210930 23:27:39.182" endtime="20210930 23:27:39.201"/>
</kw>
<status status="PASS" starttime="20210930 23:27:39.181" endtime="20210930 23:27:39.201"/>
</kw>
<kw name="E" library="BDDpt-BR">
<arg>Clicou no menu Nossas Entregas</arg>
<kw name="Run Keyword" library="BuiltIn">
<arg>@{keyword}</arg>
<doc>Executes the given keyword with the given arguments.</doc>
<kw name="Clicou no menu Nossas Entregas" library="Resource">
<kw name="Clicar no menu Nossas Entregas" library="TelaHomeSiteDeal">
<kw name="Wait Until Element Is Visible" library="SeleniumLibrary">
<arg>${MENU_NOSSAS_ENTREGAS}</arg>
<doc>Waits until the element ``locator`` is visible.</doc>
<status status="PASS" starttime="20210930 23:27:39.203" endtime="20210930 23:27:39.229"/>
</kw>
<kw name="Click Element" library="SeleniumLibrary">
<arg>${MENU_NOSSAS_ENTREGAS}</arg>
<doc>Click the element identified by ``locator``.</doc>
<msg timestamp="20210930 23:27:39.229" level="INFO">Clicking element 'xpath://*[@id="menu-1-f4a8485"]/li[2]/a[contains(., 'Nossas Entregas')]'.</msg>
<status status="PASS" starttime="20210930 23:27:39.229" endtime="20210930 23:27:42.483"/>
</kw>
<status status="PASS" starttime="20210930 23:27:39.202" endtime="20210930 23:27:42.483"/>
</kw>
<status status="PASS" starttime="20210930 23:27:39.202" endtime="20210930 23:27:42.483"/>
</kw>
<status status="PASS" starttime="20210930 23:27:39.202" endtime="20210930 23:27:42.483"/>
</kw>
<status status="PASS" starttime="20210930 23:27:39.202" endtime="20210930 23:27:42.483"/>
</kw>
<kw name="Fechar Navegador" library="Comum" type="TEARDOWN">
<kw name="Close All Browsers" library="SeleniumLibrary">
<doc>Closes all open browsers and resets the browser cache.</doc>
<status status="PASS" starttime="20210930 23:27:42.485" endtime="20210930 23:27:44.919"/>
</kw>
<status status="PASS" starttime="20210930 23:27:42.484" endtime="20210930 23:27:44.919"/>
</kw>
<doc>Deal - T002: Validar menus superiores da tela Home</doc>
<tag>Atual</tag>
<status status="PASS" starttime="20210930 23:27:27.151" endtime="20210930 23:27:44.919"/>
</test>
<status status="PASS" starttime="20210930 23:27:16.265" endtime="20210930 23:27:44.921"/>
</suite>
<statistics>
<total>
<stat pass="2" fail="0" skip="0">All Tests</stat>
</total>
<tag>
<stat pass="1" fail="0" skip="0">Atual</stat>
</tag>
<suite>
<stat pass="2" fail="0" skip="0" id="s1" name="TesteExemploDeal">TesteExemploDeal</stat>
</suite>
</statistics>
<errors>
</errors>
</robot>
